iMAP v0.1 by PCL, CECA and Anlogic
imap> read_aiger -f "../benchmark/Small/ADDERFDS_comb/ADDERFDS_comb.aig"
imap> ga
current_population:refactor;refactor -v;rewrite;refactor -v;balance;map_fpga;
current_population:rewrite -z;refactor -v;refactor;refactor;refactor -l;map_fpga;
current_population:refactor -z;rewrite;balance;refactor;refactor -z;map_fpga;
current_population:refactor;refactor -v;rewrite;balance;refactor -l;map_fpga;
current_population:rewrite -l;rewrite -z;balance;rewrite -z;rewrite -l;map_fpga;
current_population:rewrite -z;refactor -z;refactor;balance;refactor -v;map_fpga;
current_population:rewrite -z;refactor -z;rewrite -l;rewrite -l;refactor -l;map_fpga;
current_population:refactor -v;rewrite -z;lut_opt;rewrite -l;refactor -v;map_fpga;
current_population:refactor -l;rewrite -z;rewrite -l;refactor -v;refactor -v;map_fpga;
current_population:balance;refactor -v;balance;refactor;rewrite;map_fpga;
seq_to_db_map.size:10
seq:balance;refactor -v;balance;refactor;rewrite;map_fpga;
seq_area:27
seq_delay:9
seq_fitness:0
seq_fitness_prob:0.111111
seq:refactor -v;rewrite -z;lut_opt;rewrite -l;refactor -v;map_fpga;
seq_area:30
seq_delay:9
seq_fitness:-0.0908642
seq_fitness_prob:0
seq:rewrite -z;refactor -z;rewrite -l;rewrite -l;refactor -l;map_fpga;
seq_area:27
seq_delay:9
seq_fitness:0
seq_fitness_prob:0.111111
seq:rewrite -z;refactor -z;refactor;balance;refactor -v;map_fpga;
seq_area:27
seq_delay:9
seq_fitness:0
seq_fitness_prob:0.111111
seq:refactor;refactor -v;rewrite;balance;refactor -l;map_fpga;
seq_area:27
seq_delay:9
seq_fitness:0
seq_fitness_prob:0.111111
seq:refactor -l;rewrite -z;rewrite -l;refactor -v;refactor -v;map_fpga;
seq_area:27
seq_delay:9
seq_fitness:0
seq_fitness_prob:0.111111
seq:refactor -z;rewrite;balance;refactor;refactor -z;map_fpga;
seq_area:27
seq_delay:9
seq_fitness:0
seq_fitness_prob:0.111111
seq:rewrite -z;refactor -v;refactor;refactor;refactor -l;map_fpga;
seq_area:27
seq_delay:9
seq_fitness:0
seq_fitness_prob:0.111111
seq:rewrite -l;rewrite -z;balance;rewrite -z;rewrite -l;map_fpga;
seq_area:27
seq_delay:9
seq_fitness:0
seq_fitness_prob:0.111111
seq:refactor;refactor -v;rewrite;refactor -v;balance;map_fpga;
seq_area:27
seq_delay:9
seq_fitness:0
seq_fitness_prob:0.111111
father1:balance;refactor -v;balance;refactor;rewrite;map_fpga;
mother1:rewrite -z;refactor -v;refactor;refactor;refactor -l;map_fpga;
cross_probability:0.5
mutation_probability:0.4
is_not_father_equal_to_macro:1
is_not_mother_equal_to_macro:1
mutation
child1:balance;refactor -v;refactor;refactor;refactor -l;map_fpga;
father1:refactor -l;rewrite -z;rewrite -l;refactor -v;refactor -v;map_fpga;
mother1:rewrite -l;rewrite -z;balance;rewrite -z;rewrite -l;map_fpga;
cross_probability:0.5
mutation_probability:0.4
is_not_father_equal_to_macro:1
is_not_mother_equal_to_macro:1
child_2:refactor -v;refactor -v;refactor -z;refactor -z;refactor -z;map_fpga;
child1:refactor -v;refactor -v;refactor -z;refactor -z;refactor -z;map_fpga;
father1:refactor -l;rewrite -z;rewrite -l;refactor -v;refactor -v;map_fpga;
mother1:rewrite -z;refactor -v;refactor;refactor;refactor -l;map_fpga;
cross_probability:0.5
mutation_probability:0.4
is_not_father_equal_to_macro:1
is_not_mother_equal_to_macro:1
child_2:refactor;rewrite;rewrite -l;refactor;rewrite;map_fpga;
child1:refactor;rewrite;rewrite -l;refactor;rewrite;map_fpga;
father1:rewrite -l;rewrite -z;balance;rewrite -z;rewrite -l;map_fpga;
mother1:balance;refactor -v;balance;refactor;rewrite;map_fpga;
cross_probability:0.5
mutation_probability:0.4
is_not_father_equal_to_macro:1
is_not_mother_equal_to_macro:1
child_2:refactor -z;refactor -l;refactor;lut_opt;refactor;map_fpga;
child1:refactor -z;refactor -l;refactor;lut_opt;refactor;map_fpga;
father1:rewrite -z;refactor -z;rewrite -l;rewrite -l;refactor -l;map_fpga;
mother1:rewrite -l;rewrite -z;balance;rewrite -z;rewrite -l;map_fpga;
cross_probability:0.5
mutation_probability:0.4
is_not_father_equal_to_macro:1
is_not_mother_equal_to_macro:1
child1:rewrite -z;refactor -z;rewrite -l;rewrite -z;refactor -l;map_fpga;
father1:refactor -z;rewrite;balance;refactor;refactor -z;map_fpga;
mother1:refactor -z;rewrite;balance;refactor;refactor -z;map_fpga;
cross_probability:0.5
mutation_probability:0.4
is_not_father_equal_to_macro:1
is_not_mother_equal_to_macro:1
child_2:rewrite;refactor -z;refactor -z;balance;refactor;map_fpga;
child1:rewrite;refactor -z;refactor -z;balance;refactor;map_fpga;
father1:refactor -l;rewrite -z;rewrite -l;refactor -v;refactor -v;map_fpga;
mother1:balance;refactor -v;balance;refactor;rewrite;map_fpga;
cross_probability:0.5
mutation_probability:0.4
is_not_father_equal_to_macro:1
is_not_mother_equal_to_macro:1
child_2:refactor;balance;refactor;refactor -v;lut_opt;map_fpga;
child1:refactor;balance;refactor;refactor -v;lut_opt;map_fpga;
seq_map_clear_size:0
Best Sequence: refactor;refactor -v;rewrite;refactor -v;balance;map_fpga;
Best Fitness: 0
best_area:27
best_delay:9
best_fitness:0
count: 1
run_time: 1.43842
current_population:refactor;refactor -v;rewrite;refactor -v;balance;map_fpga;
current_population:rewrite -z;refactor -v;refactor;refactor;refactor -l;map_fpga;
current_population:refactor -l;rewrite -z;rewrite -l;refactor -v;refactor -v;map_fpga;
current_population:balance;refactor -v;refactor;refactor;refactor -l;map_fpga;
current_population:refactor -v;refactor -v;refactor -z;refactor -z;refactor -z;map_fpga;
current_population:refactor;rewrite;rewrite -l;refactor;rewrite;map_fpga;
current_population:refactor -z;refactor -l;refactor;lut_opt;refactor;map_fpga;
current_population:rewrite -z;refactor -z;rewrite -l;rewrite -z;refactor -l;map_fpga;
current_population:rewrite;refactor -z;refactor -z;balance;refactor;map_fpga;
current_population:refactor;balance;refactor;refactor -v;lut_opt;map_fpga;
seq_to_db_map.size:10
seq:refactor;balance;refactor;refactor -v;lut_opt;map_fpga;
seq_area:27
seq_delay:9
seq_fitness:0
seq_fitness_prob:-nan
seq:refactor -z;refactor -l;refactor;lut_opt;refactor;map_fpga;
seq_area:27
seq_delay:9
seq_fitness:0
seq_fitness_prob:-nan
seq:rewrite -z;refactor -z;rewrite -l;rewrite -z;refactor -l;map_fpga;
seq_area:27
seq_delay:9
seq_fitness:0
seq_fitness_prob:-nan
seq:refactor;rewrite;rewrite -l;refactor;rewrite;map_fpga;
seq_area:27
seq_delay:9
seq_fitness:0
seq_fitness_prob:-nan
seq:refactor -v;refactor -v;refactor -z;refactor -z;refactor -z;map_fpga;
seq_area:27
seq_delay:9
seq_fitness:0
seq_fitness_prob:-nan
seq:rewrite;refactor -z;refactor -z;balance;refactor;map_fpga;
seq_area:27
seq_delay:9
seq_fitness:0
seq_fitness_prob:-nan
seq:balance;refactor -v;refactor;refactor;refactor -l;map_fpga;
seq_area:27
seq_delay:9
seq_fitness:0
seq_fitness_prob:-nan
seq:refactor;refactor -v;rewrite;refactor -v;balance;map_fpga;
seq_area:27
seq_delay:9
seq_fitness:0
seq_fitness_prob:-nan
seq:rewrite -z;refactor -v;refactor;refactor;refactor -l;map_fpga;
seq_area:27
seq_delay:9
seq_fitness:0
seq_fitness_prob:-nan
seq:refactor -l;rewrite -z;rewrite -l;refactor -v;refactor -v;map_fpga;
seq_area:27
seq_delay:9
seq_fitness:0
seq_fitness_prob:-nan
father1:
mother1:
cross_probability:-nan
mutation_probability:-nan
