iMAP v0.1 by PCL, CECA and Anlogic
imap> read_aiger -f "../benchmark/Small/C2670.iscas_comb/C2670.iscas_comb.aig"
imap> ga
current_population:refactor -l;rewrite -z;rewrite -z;balance;lut_opt;map_fpga;
current_population:rewrite -z;rewrite -z;lut_opt;rewrite;refactor -l;map_fpga;
current_population:rewrite -z;refactor -z;rewrite -l;lut_opt;refactor -v;map_fpga;
current_population:balance;rewrite -l;rewrite -z -l;rewrite -z -l;balance;map_fpga;
current_population:balance;rewrite;rewrite -z;balance;rewrite -z;balance;map_fpga;
current_population:balance;rewrite -l;rewrite -z -l;rewrite -z -l;balance;map_fpga;
current_population:balance;rewrite -l;refactor -l;balance;rewrite -z -l;balance;refactor -z;rewrite -z;balance;map_fpga;
current_population:rewrite -z;refactor -l;rewrite -l;balance;refactor;map_fpga;
current_population:balance;rewrite -l;rewrite -z -l;rewrite -z -l;balance;map_fpga;
current_population:balance;rewrite;rewrite -z;balance;rewrite -z;balance;map_fpga;
seq_to_db_map.size:7
seq:rewrite -z;refactor -l;rewrite -l;balance;refactor;map_fpga;
seq_area:121
seq_delay:11
seq_fitness:-0.830681
seq_fitness_prob:0
seq:balance;rewrite -l;refactor -l;balance;rewrite -z -l;balance;refactor -z;rewrite -z;balance;map_fpga;
seq_area:126
seq_delay:7
seq_fitness:-0.0549727
seq_fitness_prob:0.284484
seq:balance;rewrite;rewrite -z;balance;rewrite -z;balance;map_fpga;
seq_area:159
seq_delay:7
seq_fitness:-0.297282
seq_fitness_prob:0.195619
seq:rewrite -z;refactor -z;rewrite -l;lut_opt;refactor -v;map_fpga;
seq_area:132
seq_delay:10
seq_fitness:-0.701982
seq_fitness_prob:0.047199
seq:rewrite -z;rewrite -z;lut_opt;rewrite;refactor -l;map_fpga;
seq_area:169
seq_delay:8
seq_fitness:-0.584063
seq_fitness_prob:0.0904448
seq:balance;rewrite -l;rewrite -z -l;rewrite -z -l;balance;map_fpga;
seq_area:165
seq_delay:8
seq_fitness:-0.550115
seq_fitness_prob:0.102895
seq:refactor -l;rewrite -z;rewrite -z;balance;lut_opt;map_fpga;
seq_area:128
seq_delay:7
seq_fitness:-0.0689457
seq_fitness_prob:0.279359
father1:balance;rewrite -l;rewrite -z -l;rewrite -z -l;balance;map_fpga;
mother1:refactor -l;rewrite -z;rewrite -z;balance;lut_opt;map_fpga;
cross_probability:0.641367
mutation_probability:0.534473
is_not_father_equal_to_macro:0
is_not_mother_equal_to_macro:1
child_2:balance;rewrite -l;refactor -l;balance;rewrite -z -l;balance;refactor -z;rewrite -z;balance;map_fpga;
mutation
child1:rewrite;refactor -v;refactor -l;balance;rewrite -z -l;balance;refactor -z;balance;balance;map_fpga;
father1:balance;rewrite -l;rewrite -z -l;rewrite -z -l;balance;map_fpga;
mother1:balance;rewrite;rewrite -z;balance;rewrite -z;balance;map_fpga;
cross_probability:0.778369
mutation_probability:0.648641
is_not_father_equal_to_macro:0
is_not_mother_equal_to_macro:0
child_2:refactor;rewrite;balance;rewrite -z;rewrite -z;map_fpga;
mutation
child1:rewrite -v;rewrite;rewrite -z;balance;rewrite -z;map_fpga;
father1:balance;rewrite;rewrite -z;balance;rewrite -z;balance;map_fpga;
mother1:refactor -l;rewrite -z;rewrite -z;balance;lut_opt;map_fpga;
cross_probability:0.641367
mutation_probability:0.534473
is_not_father_equal_to_macro:0
is_not_mother_equal_to_macro:1
child_2:rewrite -z;refactor -v;refactor -z;balance;refactor;map_fpga;
child1:rewrite -z;refactor -v;refactor -z;balance;refactor;map_fpga;
father1:balance;rewrite;rewrite -z;balance;rewrite -z;balance;map_fpga;
mother1:balance;rewrite;rewrite -z;balance;rewrite -z;balance;map_fpga;
cross_probability:0.778369
mutation_probability:0.648641
is_not_father_equal_to_macro:0
is_not_mother_equal_to_macro:0
child_2:refactor -z;rewrite -z;rewrite -l;refactor -v;refactor -v;map_fpga;
mutation
child1:refactor -z;rewrite -z;rewrite -l;refactor -v;refactor -v;map_fpga;
father1:balance;rewrite -l;refactor -l;balance;rewrite -z -l;balance;refactor -z;rewrite -z;balance;map_fpga;
mother1:balance;rewrite;rewrite -z;balance;rewrite -z;balance;map_fpga;
cross_probability:0.632984
mutation_probability:0.527486
is_not_father_equal_to_macro:0
is_not_mother_equal_to_macro:0
child_2:balance;rewrite -l;rewrite -z -l;rewrite -z -l;balance;map_fpga;
child1:balance;rewrite -l;rewrite -z -l;rewrite -z -l;balance;map_fpga;
father1:balance;rewrite -l;rewrite -z -l;rewrite -z -l;balance;map_fpga;
mother1:refactor -l;rewrite -z;rewrite -z;balance;lut_opt;map_fpga;
cross_probability:0.641367
mutation_probability:0.534473
is_not_father_equal_to_macro:0
is_not_mother_equal_to_macro:1
child_2:rewrite -l;rewrite;rewrite;rewrite;rewrite -z;map_fpga;
mutation
child1:rewrite -z;rewrite;rewrite;refactor;refactor;map_fpga;
father1:refactor -l;rewrite -z;rewrite -z;balance;lut_opt;map_fpga;
mother1:rewrite -z;rewrite -z;lut_opt;rewrite;refactor -l;map_fpga;
cross_probability:0.641367
mutation_probability:0.534473
is_not_father_equal_to_macro:1
is_not_mother_equal_to_macro:1
mutation
child1:refactor -l;rewrite -z;lut_opt;rewrite;refactor -l;map_fpga;
seq_map_clear_size:0
Best Sequence: 
Best Fitness: 0
